<?xml version="1.0" encoding="UTF-8"?>
<!-- Generated by org.testng.reporters.JUnitXMLReporter -->
<testsuite ignored="7" hostname="HQ-11393H840G5" failures="0" tests="1" name="Default test" time="27.972" errors="0" timestamp="2023-02-19T15:09:41 PST">
  <testcase classname="com.jan23.commontests.Contacts" name="viewContacts" time="14.377"/>
  <testcase classname="com.jan23.commontests.Contacts" name="checkCancelButton" time="0.0">
    <ignored/>
  </testcase> <!-- checkCancelButton -->
  <testcase classname="com.jan23.commontests.Contacts" name="createNewContact" time="0.0">
    <ignored/>
  </testcase> <!-- createNewContact -->
  <testcase classname="com.jan23.commontests.Contacts" name="checksaveAndButton" time="0.0">
    <ignored/>
  </testcase> <!-- checksaveAndButton -->
  <testcase classname="com.jan23.commontests.Contacts" name="recentContacts" time="0.0">
    <ignored/>
  </testcase> <!-- recentContacts -->
  <testcase classname="com.jan23.commontests.Contacts" name="myContactsView" time="0.0">
    <ignored/>
  </testcase> <!-- myContactsView -->
  <testcase classname="com.jan23.commontests.Contacts" name="newViewConactPage" time="0.0">
    <ignored/>
  </testcase> <!-- newViewConactPage -->
  <testcase classname="com.jan23.commontests.Contacts" name="errorMessageInNewView" time="0.0">
    <ignored/>
  </testcase> <!-- errorMessageInNewView -->
</testsuite> <!-- Default test -->
